#-------------------------------------------------------------------------------------------#
Target 		: http://www.cem.itesm.mx/cms/deportes/administrator/index.php
Date-Time 	: 2016-04-27 - 12:51:36.195911
#-------------------------------------------------------------------------------------------#

#-------------------------------------------------------------------------------------------#
Target 		: http://www.cem.itesm.mx/cms/edia/index.php/2-uncategorised
Date-Time 	: 2016-04-27 - 12:51:36.356736
#-------------------------------------------------------------------------------------------#

#-------------------------------------------------------------------------------------------#
Target 		: http://www.cem.itesm.mx/cms/edia/index.php/2-uncategorised
Date-Time 	: 2016-04-27 - 12:51:36.440971
#-------------------------------------------------------------------------------------------#

#-------------------------------------------------------------------------------------------#
Target 		: http://www.cem.itesm.mx/cms/edia/index.php/2-uncategorised
Date-Time 	: 2016-04-27 - 12:51:36.524999
#-------------------------------------------------------------------------------------------#

#-------------------------------------------------------------------------------------------#
Target 		: http://www.cem.itesm.mx/cms/edia/index.php/2-uncategorised
Date-Time 	: 2016-04-27 - 12:51:36.608936
#-------------------------------------------------------------------------------------------#

#-------------------------------------------------------------------------------------------#
Target 		: http://www.cem.itesm.mx/cms/edia/index.php/2-uncategorised
Date-Time 	: 2016-04-27 - 12:51:36.684757
#-------------------------------------------------------------------------------------------#

#-------------------------------------------------------------------------------------------#
Target 		: http://www.cem.itesm.mx/cms/dircom/publicaciones/agendas/index.php
Date-Time 	: 2016-04-27 - 12:51:36.768847
#-------------------------------------------------------------------------------------------#

#-------------------------------------------------------------------------------------------#
Target 		: http://www.cem.itesm.mx/cms/dircom/publicaciones/agendas/index.php
Date-Time 	: 2016-04-27 - 12:51:36.845595
#-------------------------------------------------------------------------------------------#

#-------------------------------------------------------------------------------------------#
Target 		: http://www.cem.itesm.mx/cms/dircom/publicaciones/agendas/index.php
Date-Time 	: 2016-04-27 - 12:51:36.921454
#-------------------------------------------------------------------------------------------#

#-------------------------------------------------------------------------------------------#
Target 		: http://www.cem.itesm.mx/cms/dircom/publicaciones/agendas/index.php
Date-Time 	: 2016-04-27 - 12:51:37.005646
#-------------------------------------------------------------------------------------------#

#-------------------------------------------------------------------------------------------#
Target 		: http://www.cem.itesm.mx/cms/dircom/publicaciones/agendas/index.php
Date-Time 	: 2016-04-27 - 12:51:37.098015
#-------------------------------------------------------------------------------------------#

#-------------------------------------------------------------------------------------------#
Target 		: http://www.cem.itesm.mx/cms/dircom/publicaciones/agendas/index.php
Date-Time 	: 2016-04-27 - 12:51:37.190355
#-------------------------------------------------------------------------------------------#

#-------------------------------------------------------------------------------------------#
Target 		: http://www.cem.itesm.mx/cms/vinculacion/index.php/85-vinculacion-y-relaciones-institucionales/avisos/143-programa-becarios-de-merck
Date-Time 	: 2016-04-27 - 12:51:37.282747
#-------------------------------------------------------------------------------------------#

#-------------------------------------------------------------------------------------------#
Target 		: http://www.cem.itesm.mx/cms/dircom/publicaciones/agendas/index.php
Date-Time 	: 2016-04-27 - 12:51:37.375119
#-------------------------------------------------------------------------------------------#

#-------------------------------------------------------------------------------------------#
Target 		: http://www.cem.itesm.mx/cms/dircom/publicaciones/agendas/index.php
Date-Time 	: 2016-04-27 - 12:51:37.467481
#-------------------------------------------------------------------------------------------#

#-------------------------------------------------------------------------------------------#
Target 		: http://www.cem.itesm.mx/cms/dircom/publicaciones/agendas/index.php
Date-Time 	: 2016-04-27 - 12:51:37.585017
#-------------------------------------------------------------------------------------------#

#-------------------------------------------------------------------------------------------#
Target 		: http://www.cem.itesm.mx/cms/dircom/publicaciones/agendas/index.php
Date-Time 	: 2016-04-27 - 12:51:37.752907
#-------------------------------------------------------------------------------------------#

#-------------------------------------------------------------------------------------------#
Target 		: http://www.cem.itesm.mx/cms/dircom/publicaciones/agendas/index.php
Date-Time 	: 2016-04-27 - 12:51:37.855040
#-------------------------------------------------------------------------------------------#

#-------------------------------------------------------------------------------------------#
Target 		: http://www.cem.itesm.mx/cms/ecsh/index.php/84-noticias/177-alumnos-de-comunicacion-ganan-concurso-con-cortometraje-que-trasciende-fronteras.html
Date-Time 	: 2016-04-27 - 12:51:37.955911
#-------------------------------------------------------------------------------------------#

#-------------------------------------------------------------------------------------------#
Target 		: http://www.cem.itesm.mx/cms/ecsh/index.php/84-noticias/175-encuentro-de-estudiantes-con-lideres-internacionales.html
Date-Time 	: 2016-04-27 - 12:51:38.039881
#-------------------------------------------------------------------------------------------#

#-------------------------------------------------------------------------------------------#
Target 		: http://www.cem.itesm.mx/cms/dircom/publicaciones/agendas/index.php
Date-Time 	: 2016-04-27 - 12:51:38.132258
#-------------------------------------------------------------------------------------------#

#-------------------------------------------------------------------------------------------#
Target 		: http://www.cem.itesm.mx/cms/dircom/publicaciones/agendas/index.php
Date-Time 	: 2016-04-27 - 12:51:38.224690
#-------------------------------------------------------------------------------------------#

#-------------------------------------------------------------------------------------------#
Target 		: http://www.cem.itesm.mx/cms/dircom/publicaciones/agendas/index.php
Date-Time 	: 2016-04-27 - 12:51:38.317056
#-------------------------------------------------------------------------------------------#

#-------------------------------------------------------------------------------------------#
Target 		: http://www.cem.itesm.mx/cms/dircom/publicaciones/agendas/index.php
Date-Time 	: 2016-04-27 - 12:51:38.409425
#-------------------------------------------------------------------------------------------#

#-------------------------------------------------------------------------------------------#
Target 		: http://www.cem.itesm.mx/cms/dircom/publicaciones/agendas/index.php
Date-Time 	: 2016-04-27 - 12:51:38.493466
#-------------------------------------------------------------------------------------------#

#-------------------------------------------------------------------------------------------#
Target 		: http://www.cem.itesm.mx/cms/dircom/publicaciones/agendas/index.php
Date-Time 	: 2016-04-27 - 12:51:38.594211
#-------------------------------------------------------------------------------------------#

#-------------------------------------------------------------------------------------------#
Target 		: http://www.cem.itesm.mx/cms/dircom/publicaciones/agendas/index.php
Date-Time 	: 2016-04-27 - 12:51:38.678204
#-------------------------------------------------------------------------------------------#

#-------------------------------------------------------------------------------------------#
Target 		: http://www.cem.itesm.mx/cms/dircom/publicaciones/agendas/index.php
Date-Time 	: 2016-04-27 - 12:51:38.762369
#-------------------------------------------------------------------------------------------#

#-------------------------------------------------------------------------------------------#
Target 		: http://www.cem.itesm.mx/cms/dircom/publicaciones/agendas/index.php
Date-Time 	: 2016-04-27 - 12:51:38.846321
#-------------------------------------------------------------------------------------------#

#-------------------------------------------------------------------------------------------#
Target 		: http://www.cem.itesm.mx/cms/dircom/publicaciones/agendas/index.php
Date-Time 	: 2016-04-27 - 12:51:38.956758
#-------------------------------------------------------------------------------------------#

#-------------------------------------------------------------------------------------------#
Target 		: http://www.cem.itesm.mx/cms/exatec/index.php/noticias/calendario/gcalendar
Date-Time 	: 2016-04-27 - 12:51:39.057520
#-------------------------------------------------------------------------------------------#

#-------------------------------------------------------------------------------------------#
Target 		: http://www.cem.itesm.mx/cms/exatec/index.php/component/users/
Date-Time 	: 2016-04-27 - 12:51:39.149942
#-------------------------------------------------------------------------------------------#

#-------------------------------------------------------------------------------------------#
Target 		: http://www.cem.itesm.mx/cms/exatec/index.php/component/users/
Date-Time 	: 2016-04-27 - 12:51:39.242339
#-------------------------------------------------------------------------------------------#

#-------------------------------------------------------------------------------------------#
Target 		: http://www.cem.itesm.mx/cms/cultura/index.php/component/k2/item/4-cyrano-de-bergerac-segunda-llamada/4-cyrano-de-bergerac-segunda-llamada
Date-Time 	: 2016-04-27 - 12:51:39.326447
#-------------------------------------------------------------------------------------------#

#-------------------------------------------------------------------------------------------#
Target 		: http://www.cem.itesm.mx/cms/exatec/index.php/noticias/boletin-exatec/54-red-empresarios/244-be-eternal
Date-Time 	: 2016-04-27 - 12:51:39.402081
#-------------------------------------------------------------------------------------------#

#-------------------------------------------------------------------------------------------#
Target 		: http://www.cem.itesm.mx/cms/cultura/index.php/component/k2/item/4-cyrano-de-bergerac-segunda-llamada/4-cyrano-de-bergerac-segunda-llamada
Date-Time 	: 2016-04-27 - 12:51:39.477944
#-------------------------------------------------------------------------------------------#

#-------------------------------------------------------------------------------------------#
Target 		: http://www.cem.itesm.mx/cms/cultura/index.php/component/k2/item/4-cyrano-de-bergerac-segunda-llamada/4-cyrano-de-bergerac-segunda-llamada
Date-Time 	: 2016-04-27 - 12:51:39.561860
#-------------------------------------------------------------------------------------------#

#-------------------------------------------------------------------------------------------#
Target 		: http://www.cem.itesm.mx/cms/exatec/index.php/noticias/boletin-exatec/55-desarrollo-profesional/562-becas-conacyt-estudia-un-posgrado-en-el-extranjero
Date-Time 	: 2016-04-27 - 12:51:39.646082
#-------------------------------------------------------------------------------------------#

#-------------------------------------------------------------------------------------------#
Target 		: http://www.cem.itesm.mx/cms/ideal/index.php/2-uncategorised
Date-Time 	: 2016-04-27 - 12:51:39.730004
#-------------------------------------------------------------------------------------------#

#-------------------------------------------------------------------------------------------#
Target 		: http://www.cem.itesm.mx/cms/exatec/index.php/noticias/boletin-exatec/54-red-empresarios/259-balam-motion-sa-de-cv
Date-Time 	: 2016-04-27 - 12:51:39.814070
#-------------------------------------------------------------------------------------------#

#-------------------------------------------------------------------------------------------#
Target 		: http://www.cem.itesm.mx/cms/exatec/index.php/noticias/boletin-exatec/53-noticias-exatec
Date-Time 	: 2016-04-27 - 12:51:39.907678
#-------------------------------------------------------------------------------------------#

#-------------------------------------------------------------------------------------------#
Target 		: http://www.cem.itesm.mx/cms/cultura/index.php/component/k2/item/4-cyrano-de-bergerac-segunda-llamada/4-cyrano-de-bergerac-segunda-llamada
Date-Time 	: 2016-04-27 - 12:51:40.016898
#-------------------------------------------------------------------------------------------#

#-------------------------------------------------------------------------------------------#
Target 		: http://www.cem.itesm.mx/cms/cultura/index.php/component/k2/item/4-cyrano-de-bergerac-segunda-llamada/4-cyrano-de-bergerac-segunda-llamada
Date-Time 	: 2016-04-27 - 12:51:40.125981
#-------------------------------------------------------------------------------------------#

#-------------------------------------------------------------------------------------------#
Target 		: http://www.cem.itesm.mx/cms/exatec/index.php/noticias/boletin-exatec/57-beneficios/695-construyamos-un-mexico-mas-incluyente
Date-Time 	: 2016-04-27 - 12:51:40.210047
#-------------------------------------------------------------------------------------------#

#-------------------------------------------------------------------------------------------#
Target 		: http://www.cem.itesm.mx/cms/exatec/index.php/noticias/boletin-exatec/57-beneficios/434-trabaja-en-sap-y-viaja-a-estados-unidos
Date-Time 	: 2016-04-27 - 12:51:40.310758
#-------------------------------------------------------------------------------------------#

#-------------------------------------------------------------------------------------------#
Target 		: http://www.cem.itesm.mx/cms/exatec/index.php/noticias/boletin-exatec/53-noticias-exatec
Date-Time 	: 2016-04-27 - 12:51:40.395164
#-------------------------------------------------------------------------------------------#

#-------------------------------------------------------------------------------------------#
Target 		: http://www.cem.itesm.mx/cms/exatec/index.php/noticias/boletin-exatec/55-desarrollo-profesional/562-becas-conacyt-estudia-un-posgrado-en-el-extranjero
Date-Time 	: 2016-04-27 - 12:51:40.487280
#-------------------------------------------------------------------------------------------#

#-------------------------------------------------------------------------------------------#
Target 		: http://www.cem.itesm.mx/cms/exatec/index.php/noticias/boletin-exatec/53-noticias-exatec
Date-Time 	: 2016-04-27 - 12:51:40.571216
#-------------------------------------------------------------------------------------------#

#-------------------------------------------------------------------------------------------#
Target 		: http://www.cem.itesm.mx/cms/exatec/index.php/noticias/boletin-exatec/53-noticias-exatec
Date-Time 	: 2016-04-27 - 12:51:40.655341
#-------------------------------------------------------------------------------------------#

#-------------------------------------------------------------------------------------------#
Target 		: http://www.cem.itesm.mx/cms/cultura/index.php/representativos/representativos/9-ballet-folklorico
Date-Time 	: 2016-04-27 - 12:51:40.739285
#-------------------------------------------------------------------------------------------#

#-------------------------------------------------------------------------------------------#
Target 		: http://www.cem.itesm.mx/cms/deportes/administrator/index.php
Date-Time 	: 2016-04-27 - 12:52:27.154151
#-------------------------------------------------------------------------------------------#

#-------------------------------------------------------------------------------------------#
Target 		: http://www.cem.itesm.mx/cms/edia/index.php/2-uncategorised
Date-Time 	: 2016-04-27 - 12:52:29.313292#-------------------------------------------------------------------------------------------#
Target 		: http://www.cem.itesm.mx/cms/edia/index.php/2-uncategorised
Date-Time 	: 2016-04-27 - 12:55:53.039157#-------------------------------------------------------------------------------------------#
Target 		: http://www.cem.itesm.mx/cms/edia/index.php/2-uncategorised
Date-Time 	: 2016-04-27 - 12:55:53.767452#-------------------------------------------------------------------------------------------#
Target 		: http://www.cem.itesm.mx/cms/edia/index.php/2-uncategorised
Date-Time 	: 2016-04-27 - 12:55:53.991506#-------------------------------------------------------------------------------------------#
Target 		: http://www.cem.itesm.mx/cms/edia/index.php/2-uncategorised
Date-Time 	: 2016-04-27 - 12:55:54.258293#-------------------------------------------------------------------------------------------#
Target 		: http://www.cem.itesm.mx/cms/dircom/publicaciones/agendas/index.php
Date-Time 	: 2016-04-27 - 12:55:54.418216#-------------------------------------------------------------------------------------------#
Target 		: http://www.cem.itesm.mx/cms/dircom/publicaciones/agendas/index.php
Date-Time 	: 2016-04-27 - 12:55:54.562245#-------------------------------------------------------------------------------------------#
Target 		: http://www.cem.itesm.mx/cms/dircom/publicaciones/agendas/index.php
Date-Time 	: 2016-04-27 - 12:55:54.727610#-------------------------------------------------------------------------------------------#
Target 		: http://www.cem.itesm.mx/cms/dircom/publicaciones/agendas/index.php
Date-Time 	: 2016-04-27 - 12:55:54.876989#-------------------------------------------------------------------------------------------#
Target 		: http://www.cem.itesm.mx/cms/dircom/publicaciones/agendas/index.php
Date-Time 	: 2016-04-27 - 12:55:55.047688#-------------------------------------------------------------------------------------------#
Target 		: http://www.cem.itesm.mx/cms/dircom/publicaciones/agendas/index.php
Date-Time 	: 2016-04-27 - 12:55:55.213100#-------------------------------------------------------------------------------------------#
Target 		: http://www.cem.itesm.mx/cms/vinculacion/index.php/85-vinculacion-y-relaciones-institucionales/avisos/143-programa-becarios-de-merck
Date-Time 	: 2016-04-27 - 12:55:55.362411#-------------------------------------------------------------------------------------------#
Target 		: http://www.cem.itesm.mx/cms/dircom/publicaciones/agendas/index.php
Date-Time 	: 2016-04-27 - 12:55:55.549110#-------------------------------------------------------------------------------------------#
Target 		: http://www.cem.itesm.mx/cms/dircom/publicaciones/agendas/index.php
Date-Time 	: 2016-04-27 - 12:55:55.703835#-------------------------------------------------------------------------------------------#
Target 		: http://www.cem.itesm.mx/cms/dircom/publicaciones/agendas/index.php
Date-Time 	: 2016-04-27 - 12:55:55.885191#-------------------------------------------------------------------------------------------#
Target 		: http://www.cem.itesm.mx/cms/dircom/publicaciones/agendas/index.php
Date-Time 	: 2016-04-27 - 12:55:56.034550#-------------------------------------------------------------------------------------------#
Target 		: http://www.cem.itesm.mx/cms/dircom/publicaciones/agendas/index.php
Date-Time 	: 2016-04-27 - 12:55:56.199929#-------------------------------------------------------------------------------------------#
Target 		: http://www.cem.itesm.mx/cms/ecsh/index.php/84-noticias/177-alumnos-de-comunicacion-ganan-concurso-con-cortometraje-que-trasciende-fronteras.html
Date-Time 	: 2016-04-27 - 12:55:56.343965#-------------------------------------------------------------------------------------------#
Target 		: http://www.cem.itesm.mx/cms/ecsh/index.php/84-noticias/175-encuentro-de-estudiantes-con-lideres-internacionales.html
Date-Time 	: 2016-04-27 - 12:55:56.506967#-------------------------------------------------------------------------------------------#
Target 		: http://www.cem.itesm.mx/cms/dircom/publicaciones/agendas/index.php
Date-Time 	: 2016-04-27 - 12:55:56.672379#-------------------------------------------------------------------------------------------#
Target 		: http://www.cem.itesm.mx/cms/dircom/publicaciones/agendas/index.php
Date-Time 	: 2016-04-27 - 12:55:56.837753#-------------------------------------------------------------------------------------------#
Target 		: http://www.cem.itesm.mx/cms/dircom/publicaciones/agendas/index.php
Date-Time 	: 2016-04-27 - 12:55:56.997721#-------------------------------------------------------------------------------------------#
Target 		: http://www.cem.itesm.mx/cms/dircom/publicaciones/agendas/index.php
Date-Time 	: 2016-04-27 - 12:55:57.147105#-------------------------------------------------------------------------------------------#
Target 		: http://www.cem.itesm.mx/cms/dircom/publicaciones/agendas/index.php
Date-Time 	: 2016-04-27 - 12:55:57.307120#-------------------------------------------------------------------------------------------#
Target 		: http://www.cem.itesm.mx/cms/dircom/publicaciones/agendas/index.php
Date-Time 	: 2016-04-27 - 12:55:57.467215#-------------------------------------------------------------------------------------------#
Target 		: http://www.cem.itesm.mx/cms/dircom/publicaciones/agendas/index.php
Date-Time 	: 2016-04-27 - 12:55:57.643220#-------------------------------------------------------------------------------------------#
Target 		: http://www.cem.itesm.mx/cms/dircom/publicaciones/agendas/index.php
Date-Time 	: 2016-04-27 - 12:55:57.792591#-------------------------------------------------------------------------------------------#
Target 		: http://www.cem.itesm.mx/cms/dircom/publicaciones/agendas/index.php
Date-Time 	: 2016-04-27 - 12:55:57.968648#-------------------------------------------------------------------------------------------#
Target 		: http://www.cem.itesm.mx/cms/dircom/publicaciones/agendas/index.php
Date-Time 	: 2016-04-27 - 12:55:58.165968#-------------------------------------------------------------------------------------------#
Target 		: http://www.cem.itesm.mx/cms/exatec/index.php/noticias/calendario/gcalendar
Date-Time 	: 2016-04-27 - 12:55:58.665725#-------------------------------------------------------------------------------------------#
Target 		: http://www.cem.itesm.mx/cms/exatec/index.php/component/users/
Date-Time 	: 2016-04-27 - 12:55:58.695483#-------------------------------------------------------------------------------------------#
Target 		: http://www.cem.itesm.mx/cms/exatec/index.php/component/users/
Date-Time 	: 2016-04-27 - 12:55:58.726010#-------------------------------------------------------------------------------------------#
Target 		: http://www.cem.itesm.mx/cms/cultura/index.php/component/k2/item/4-cyrano-de-bergerac-segunda-llamada/4-cyrano-de-bergerac-segunda-llamada
Date-Time 	: 2016-04-27 - 12:55:58.755626#-------------------------------------------------------------------------------------------#
Target 		: http://www.cem.itesm.mx/cms/exatec/index.php/noticias/boletin-exatec/54-red-empresarios/244-be-eternal
Date-Time 	: 2016-04-27 - 12:55:58.786511#-------------------------------------------------------------------------------------------#
Target 		: http://www.cem.itesm.mx/cms/cultura/index.php/component/k2/item/4-cyrano-de-bergerac-segunda-llamada/4-cyrano-de-bergerac-segunda-llamada
Date-Time 	: 2016-04-27 - 12:55:58.816183#-------------------------------------------------------------------------------------------#
Target 		: http://www.cem.itesm.mx/cms/cultura/index.php/component/k2/item/4-cyrano-de-bergerac-segunda-llamada/4-cyrano-de-bergerac-segunda-llamada
Date-Time 	: 2016-04-27 - 12:55:58.845372#-------------------------------------------------------------------------------------------#
Target 		: http://www.cem.itesm.mx/cms/exatec/index.php/noticias/boletin-exatec/55-desarrollo-profesional/562-becas-conacyt-estudia-un-posgrado-en-el-extranjero
Date-Time 	: 2016-04-27 - 12:55:58.875578#-------------------------------------------------------------------------------------------#
Target 		: http://www.cem.itesm.mx/cms/ideal/index.php/2-uncategorised
Date-Time 	: 2016-04-27 - 12:55:58.905505#-------------------------------------------------------------------------------------------#
Target 		: http://www.cem.itesm.mx/cms/exatec/index.php/noticias/boletin-exatec/54-red-empresarios/259-balam-motion-sa-de-cv
Date-Time 	: 2016-04-27 - 12:55:59.046137#-------------------------------------------------------------------------------------------#
Target 		: http://www.cem.itesm.mx/cms/exatec/index.php/noticias/boletin-exatec/53-noticias-exatec
Date-Time 	: 2016-04-27 - 12:55:59.545629#-------------------------------------------------------------------------------------------#
Target 		: http://www.cem.itesm.mx/cms/cultura/index.php/component/k2/item/4-cyrano-de-bergerac-segunda-llamada/4-cyrano-de-bergerac-segunda-llamada
Date-Time 	: 2016-04-27 - 12:55:59.576112#-------------------------------------------------------------------------------------------#
Target 		: http://www.cem.itesm.mx/cms/cultura/index.php/component/k2/item/4-cyrano-de-bergerac-segunda-llamada/4-cyrano-de-bergerac-segunda-llamada
Date-Time 	: 2016-04-27 - 12:55:59.605572#-------------------------------------------------------------------------------------------#
Target 		: http://www.cem.itesm.mx/cms/exatec/index.php/noticias/boletin-exatec/57-beneficios/695-construyamos-un-mexico-mas-incluyente
Date-Time 	: 2016-04-27 - 12:55:59.636263#-------------------------------------------------------------------------------------------#
Target 		: http://www.cem.itesm.mx/cms/exatec/index.php/noticias/boletin-exatec/57-beneficios/434-trabaja-en-sap-y-viaja-a-estados-unidos
Date-Time 	: 2016-04-27 - 12:55:59.666834#-------------------------------------------------------------------------------------------#
Target 		: http://www.cem.itesm.mx/cms/exatec/index.php/noticias/boletin-exatec/53-noticias-exatec
Date-Time 	: 2016-04-27 - 12:55:59.697457#-------------------------------------------------------------------------------------------#
Target 		: http://www.cem.itesm.mx/cms/exatec/index.php/noticias/boletin-exatec/55-desarrollo-profesional/562-becas-conacyt-estudia-un-posgrado-en-el-extranjero
Date-Time 	: 2016-04-27 - 12:55:59.726499#-------------------------------------------------------------------------------------------#
Target 		: http://www.cem.itesm.mx/cms/exatec/index.php/noticias/boletin-exatec/53-noticias-exatec
Date-Time 	: 2016-04-27 - 12:55:59.756779#-------------------------------------------------------------------------------------------#
Target 		: http://www.cem.itesm.mx/cms/exatec/index.php/noticias/boletin-exatec/53-noticias-exatec
Date-Time 	: 2016-04-27 - 12:55:59.786992#-------------------------------------------------------------------------------------------#
Target 		: http://www.cem.itesm.mx/cms/cultura/index.php/representativos/representativos/9-ballet-folklorico
Date-Time 	: 2016-04-27 - 12:55:59.817363#-------------------------------------------------------------------------------------------#
Target 		: http://www.cem.itesm.mx/cms/deportes/administrator/index.php
Date-Time 	: 2016-04-27 - 12:56:08.946483
#-------------------------------------------------------------------------------------------#

#-------------------------------------------------------------------------------------------#
Target 		: http://www.cem.itesm.mx/cms/edia/index.php/2-uncategorised
Date-Time 	: 2016-04-27 - 12:56:11.131665#-------------------------------------------------------------------------------------------#
Target 		: http://www.cem.itesm.mx/cms/edia/index.php/2-uncategorised
Date-Time 	: 2016-04-27 - 12:56:16.869040#-------------------------------------------------------------------------------------------#
Target 		: http://www.cem.itesm.mx/cms/edia/index.php/2-uncategorised
Date-Time 	: 2016-04-27 - 12:56:17.369351#-------------------------------------------------------------------------------------------#
Target 		: http://www.cem.itesm.mx/cms/edia/index.php/2-uncategorised
Date-Time 	: 2016-04-27 - 12:56:17.399996#-------------------------------------------------------------------------------------------#
Target 		: http://www.cem.itesm.mx/cms/edia/index.php/2-uncategorised
Date-Time 	: 2016-04-27 - 12:56:17.430002#-------------------------------------------------------------------------------------------#
Target 		: http://www.cem.itesm.mx/cms/dircom/publicaciones/agendas/index.php
Date-Time 	: 2016-04-27 - 12:56:17.459625#-------------------------------------------------------------------------------------------#
Target 		: http://www.cem.itesm.mx/cms/dircom/publicaciones/agendas/index.php
Date-Time 	: 2016-04-27 - 12:56:17.489979#-------------------------------------------------------------------------------------------#
Target 		: http://www.cem.itesm.mx/cms/dircom/publicaciones/agendas/index.php
Date-Time 	: 2016-04-27 - 12:56:17.519583#-------------------------------------------------------------------------------------------#
Target 		: http://www.cem.itesm.mx/cms/dircom/publicaciones/agendas/index.php
Date-Time 	: 2016-04-27 - 12:56:17.549842#-------------------------------------------------------------------------------------------#
Target 		: http://www.cem.itesm.mx/cms/dircom/publicaciones/agendas/index.php
Date-Time 	: 2016-04-27 - 12:56:17.579425#-------------------------------------------------------------------------------------------#
Target 		: http://www.cem.itesm.mx/cms/dircom/publicaciones/agendas/index.php
Date-Time 	: 2016-04-27 - 12:56:17.609973#-------------------------------------------------------------------------------------------#
Target 		: http://www.cem.itesm.mx/cms/vinculacion/index.php/85-vinculacion-y-relaciones-institucionales/avisos/143-programa-becarios-de-merck
Date-Time 	: 2016-04-27 - 12:56:17.640248#-------------------------------------------------------------------------------------------#
Target 		: http://www.cem.itesm.mx/cms/dircom/publicaciones/agendas/index.php
Date-Time 	: 2016-04-27 - 12:56:17.670589#-------------------------------------------------------------------------------------------#
Target 		: http://www.cem.itesm.mx/cms/dircom/publicaciones/agendas/index.php
Date-Time 	: 2016-04-27 - 12:56:17.700907#-------------------------------------------------------------------------------------------#
Target 		: http://www.cem.itesm.mx/cms/dircom/publicaciones/agendas/index.php
Date-Time 	: 2016-04-27 - 12:56:17.731096#-------------------------------------------------------------------------------------------#
Target 		: http://www.cem.itesm.mx/cms/dircom/publicaciones/agendas/index.php
Date-Time 	: 2016-04-27 - 12:56:17.760574#-------------------------------------------------------------------------------------------#
Target 		: http://www.cem.itesm.mx/cms/dircom/publicaciones/agendas/index.php
Date-Time 	: 2016-04-27 - 12:56:17.790898#-------------------------------------------------------------------------------------------#
Target 		: http://www.cem.itesm.mx/cms/ecsh/index.php/84-noticias/177-alumnos-de-comunicacion-ganan-concurso-con-cortometraje-que-trasciende-fronteras.html
Date-Time 	: 2016-04-27 - 12:56:17.821285#-------------------------------------------------------------------------------------------#
Target 		: http://www.cem.itesm.mx/cms/ecsh/index.php/84-noticias/175-encuentro-de-estudiantes-con-lideres-internacionales.html
Date-Time 	: 2016-04-27 - 12:56:17.851437#-------------------------------------------------------------------------------------------#
Target 		: http://www.cem.itesm.mx/cms/dircom/publicaciones/agendas/index.php
Date-Time 	: 2016-04-27 - 12:56:17.881336#-------------------------------------------------------------------------------------------#
Target 		: http://www.cem.itesm.mx/cms/dircom/publicaciones/agendas/index.php
Date-Time 	: 2016-04-27 - 12:56:17.911925#-------------------------------------------------------------------------------------------#
Target 		: http://www.cem.itesm.mx/cms/dircom/publicaciones/agendas/index.php
Date-Time 	: 2016-04-27 - 12:56:17.941367#-------------------------------------------------------------------------------------------#
Target 		: http://www.cem.itesm.mx/cms/dircom/publicaciones/agendas/index.php
Date-Time 	: 2016-04-27 - 12:56:17.971762#-------------------------------------------------------------------------------------------#
Target 		: http://www.cem.itesm.mx/cms/dircom/publicaciones/agendas/index.php
Date-Time 	: 2016-04-27 - 12:56:18.001976#-------------------------------------------------------------------------------------------#
Target 		: http://www.cem.itesm.mx/cms/dircom/publicaciones/agendas/index.php
Date-Time 	: 2016-04-27 - 12:56:18.031629#-------------------------------------------------------------------------------------------#
Target 		: http://www.cem.itesm.mx/cms/dircom/publicaciones/agendas/index.php
Date-Time 	: 2016-04-27 - 12:56:18.062324#-------------------------------------------------------------------------------------------#
Target 		: http://www.cem.itesm.mx/cms/dircom/publicaciones/agendas/index.php
Date-Time 	: 2016-04-27 - 12:56:18.093065#-------------------------------------------------------------------------------------------#
Target 		: http://www.cem.itesm.mx/cms/dircom/publicaciones/agendas/index.php
Date-Time 	: 2016-04-27 - 12:56:18.122258#-------------------------------------------------------------------------------------------#
Target 		: http://www.cem.itesm.mx/cms/dircom/publicaciones/agendas/index.php
Date-Time 	: 2016-04-27 - 12:56:18.153045#-------------------------------------------------------------------------------------------#
Target 		: http://www.cem.itesm.mx/cms/exatec/index.php/noticias/calendario/gcalendar
Date-Time 	: 2016-04-27 - 12:56:18.182568#-------------------------------------------------------------------------------------------#
Target 		: http://www.cem.itesm.mx/cms/exatec/index.php/component/users/
Date-Time 	: 2016-04-27 - 12:56:18.213218#-------------------------------------------------------------------------------------------#
Target 		: http://www.cem.itesm.mx/cms/exatec/index.php/component/users/
Date-Time 	: 2016-04-27 - 12:56:18.242402#-------------------------------------------------------------------------------------------#
Target 		: http://www.cem.itesm.mx/cms/cultura/index.php/component/k2/item/4-cyrano-de-bergerac-segunda-llamada/4-cyrano-de-bergerac-segunda-llamada
Date-Time 	: 2016-04-27 - 12:56:18.272636#-------------------------------------------------------------------------------------------#
Target 		: http://www.cem.itesm.mx/cms/exatec/index.php/noticias/boletin-exatec/54-red-empresarios/244-be-eternal
Date-Time 	: 2016-04-27 - 12:56:18.302330#-------------------------------------------------------------------------------------------#
Target 		: http://www.cem.itesm.mx/cms/cultura/index.php/component/k2/item/4-cyrano-de-bergerac-segunda-llamada/4-cyrano-de-bergerac-segunda-llamada
Date-Time 	: 2016-04-27 - 12:56:18.332656#-------------------------------------------------------------------------------------------#
Target 		: http://www.cem.itesm.mx/cms/cultura/index.php/component/k2/item/4-cyrano-de-bergerac-segunda-llamada/4-cyrano-de-bergerac-segunda-llamada
Date-Time 	: 2016-04-27 - 12:56:18.362640#-------------------------------------------------------------------------------------------#
Target 		: http://www.cem.itesm.mx/cms/exatec/index.php/noticias/boletin-exatec/55-desarrollo-profesional/562-becas-conacyt-estudia-un-posgrado-en-el-extranjero
Date-Time 	: 2016-04-27 - 12:56:18.392947#-------------------------------------------------------------------------------------------#
Target 		: http://www.cem.itesm.mx/cms/ideal/index.php/2-uncategorised
Date-Time 	: 2016-04-27 - 12:56:18.422891#-------------------------------------------------------------------------------------------#
Target 		: http://www.cem.itesm.mx/cms/exatec/index.php/noticias/boletin-exatec/54-red-empresarios/259-balam-motion-sa-de-cv
Date-Time 	: 2016-04-27 - 12:56:18.452390#-------------------------------------------------------------------------------------------#
Target 		: http://www.cem.itesm.mx/cms/exatec/index.php/noticias/boletin-exatec/53-noticias-exatec
Date-Time 	: 2016-04-27 - 12:56:18.482469#-------------------------------------------------------------------------------------------#
Target 		: http://www.cem.itesm.mx/cms/cultura/index.php/component/k2/item/4-cyrano-de-bergerac-segunda-llamada/4-cyrano-de-bergerac-segunda-llamada
Date-Time 	: 2016-04-27 - 12:56:18.512478#-------------------------------------------------------------------------------------------#
Target 		: http://www.cem.itesm.mx/cms/cultura/index.php/component/k2/item/4-cyrano-de-bergerac-segunda-llamada/4-cyrano-de-bergerac-segunda-llamada
Date-Time 	: 2016-04-27 - 12:56:18.543045#-------------------------------------------------------------------------------------------#
Target 		: http://www.cem.itesm.mx/cms/exatec/index.php/noticias/boletin-exatec/57-beneficios/695-construyamos-un-mexico-mas-incluyente
Date-Time 	: 2016-04-27 - 12:56:18.573299#-------------------------------------------------------------------------------------------#
Target 		: http://www.cem.itesm.mx/cms/exatec/index.php/noticias/boletin-exatec/57-beneficios/434-trabaja-en-sap-y-viaja-a-estados-unidos
Date-Time 	: 2016-04-27 - 12:56:18.603375#-------------------------------------------------------------------------------------------#
Target 		: http://www.cem.itesm.mx/cms/exatec/index.php/noticias/boletin-exatec/53-noticias-exatec
Date-Time 	: 2016-04-27 - 12:56:18.633661#-------------------------------------------------------------------------------------------#
Target 		: http://www.cem.itesm.mx/cms/exatec/index.php/noticias/boletin-exatec/55-desarrollo-profesional/562-becas-conacyt-estudia-un-posgrado-en-el-extranjero
Date-Time 	: 2016-04-27 - 12:56:18.663685#-------------------------------------------------------------------------------------------#
Target 		: http://www.cem.itesm.mx/cms/exatec/index.php/noticias/boletin-exatec/53-noticias-exatec
Date-Time 	: 2016-04-27 - 12:56:18.694411#-------------------------------------------------------------------------------------------#
Target 		: http://www.cem.itesm.mx/cms/exatec/index.php/noticias/boletin-exatec/53-noticias-exatec
Date-Time 	: 2016-04-27 - 12:56:18.724633#-------------------------------------------------------------------------------------------#
Target 		: http://www.cem.itesm.mx/cms/cultura/index.php/representativos/representativos/9-ballet-folklorico
Date-Time 	: 2016-04-27 - 12:56:18.754541#-------------------------------------------------------------------------------------------#
Target 		: http://www.cem.itesm.mx/cms/deportes/administrator/index.php
Date-Time 	: 2016-04-27 - 12:56:39.858049#-------------------------------------------------------------------------------------------#
Target 		: http://www.cem.itesm.mx/cms/edia/index.php/2-uncategorised
Date-Time 	: 2016-04-27 - 12:58:40.097513#-------------------------------------------------------------------------------------------#
Target 		: http://www.cem.itesm.mx/cms/edia/index.php/2-uncategorised
Date-Time 	: 2016-04-27 - 12:58:40.353462#-------------------------------------------------------------------------------------------#
Target 		: http://www.cem.itesm.mx/cms/edia/index.php/2-uncategorised
Date-Time 	: 2016-04-27 - 12:58:40.518802#-------------------------------------------------------------------------------------------#
Target 		: http://www.cem.itesm.mx/cms/edia/index.php/2-uncategorised
Date-Time 	: 2016-04-27 - 12:58:40.657516#-------------------------------------------------------------------------------------------#
Target 		: http://www.cem.itesm.mx/cms/edia/index.php/2-uncategorised
Date-Time 	: 2016-04-27 - 12:58:41.157982#-------------------------------------------------------------------------------------------#
Target 		: http://www.cem.itesm.mx/cms/dircom/publicaciones/agendas/index.php
Date-Time 	: 2016-04-27 - 12:58:41.188350#-------------------------------------------------------------------------------------------#
Target 		: http://www.cem.itesm.mx/cms/dircom/publicaciones/agendas/index.php
Date-Time 	: 2016-04-27 - 12:58:41.218613#-------------------------------------------------------------------------------------------#
Target 		: http://www.cem.itesm.mx/cms/dircom/publicaciones/agendas/index.php
Date-Time 	: 2016-04-27 - 12:58:41.249086#-------------------------------------------------------------------------------------------#
Target 		: http://www.cem.itesm.mx/cms/dircom/publicaciones/agendas/index.php
Date-Time 	: 2016-04-27 - 12:58:41.278761#-------------------------------------------------------------------------------------------#
Target 		: http://www.cem.itesm.mx/cms/dircom/publicaciones/agendas/index.php
Date-Time 	: 2016-04-27 - 12:58:41.309040#-------------------------------------------------------------------------------------------#
Target 		: http://www.cem.itesm.mx/cms/dircom/publicaciones/agendas/index.php
Date-Time 	: 2016-04-27 - 12:58:41.339322#-------------------------------------------------------------------------------------------#
Target 		: http://www.cem.itesm.mx/cms/vinculacion/index.php/85-vinculacion-y-relaciones-institucionales/avisos/143-programa-becarios-de-merck
Date-Time 	: 2016-04-27 - 12:58:41.369991#-------------------------------------------------------------------------------------------#
Target 		: http://www.cem.itesm.mx/cms/dircom/publicaciones/agendas/index.php
Date-Time 	: 2016-04-27 - 12:58:41.400132#-------------------------------------------------------------------------------------------#
Target 		: http://www.cem.itesm.mx/cms/dircom/publicaciones/agendas/index.php
Date-Time 	: 2016-04-27 - 12:58:41.429587#-------------------------------------------------------------------------------------------#
Target 		: http://www.cem.itesm.mx/cms/dircom/publicaciones/agendas/index.php
Date-Time 	: 2016-04-27 - 12:58:41.459895#-------------------------------------------------------------------------------------------#
Target 		: http://www.cem.itesm.mx/cms/dircom/publicaciones/agendas/index.php
Date-Time 	: 2016-04-27 - 12:58:41.490224#-------------------------------------------------------------------------------------------#
Target 		: http://www.cem.itesm.mx/cms/dircom/publicaciones/agendas/index.php
Date-Time 	: 2016-04-27 - 12:58:41.520382#-------------------------------------------------------------------------------------------#
Target 		: http://www.cem.itesm.mx/cms/ecsh/index.php/84-noticias/177-alumnos-de-comunicacion-ganan-concurso-con-cortometraje-que-trasciende-fronteras.html
Date-Time 	: 2016-04-27 - 12:58:41.550663#-------------------------------------------------------------------------------------------#
Target 		: http://www.cem.itesm.mx/cms/ecsh/index.php/84-noticias/175-encuentro-de-estudiantes-con-lideres-internacionales.html
Date-Time 	: 2016-04-27 - 12:58:41.580953#-------------------------------------------------------------------------------------------#
Target 		: http://www.cem.itesm.mx/cms/dircom/publicaciones/agendas/index.php
Date-Time 	: 2016-04-27 - 12:58:41.611310#-------------------------------------------------------------------------------------------#
Target 		: http://www.cem.itesm.mx/cms/dircom/publicaciones/agendas/index.php
Date-Time 	: 2016-04-27 - 12:58:41.642298#-------------------------------------------------------------------------------------------#
Target 		: http://www.cem.itesm.mx/cms/dircom/publicaciones/agendas/index.php
Date-Time 	: 2016-04-27 - 12:58:41.673374#-------------------------------------------------------------------------------------------#
Target 		: http://www.cem.itesm.mx/cms/dircom/publicaciones/agendas/index.php
Date-Time 	: 2016-04-27 - 12:58:41.703998#-------------------------------------------------------------------------------------------#
Target 		: http://www.cem.itesm.mx/cms/dircom/publicaciones/agendas/index.php
Date-Time 	: 2016-04-27 - 12:58:41.734314#-------------------------------------------------------------------------------------------#
Target 		: http://www.cem.itesm.mx/cms/dircom/publicaciones/agendas/index.php
Date-Time 	: 2016-04-27 - 12:58:41.764514#-------------------------------------------------------------------------------------------#
Target 		: http://www.cem.itesm.mx/cms/dircom/publicaciones/agendas/index.php
Date-Time 	: 2016-04-27 - 12:58:41.794951#-------------------------------------------------------------------------------------------#
Target 		: http://www.cem.itesm.mx/cms/dircom/publicaciones/agendas/index.php
Date-Time 	: 2016-04-27 - 12:58:41.824771#-------------------------------------------------------------------------------------------#
Target 		: http://www.cem.itesm.mx/cms/dircom/publicaciones/agendas/index.php
Date-Time 	: 2016-04-27 - 12:58:41.854361#-------------------------------------------------------------------------------------------#
Target 		: http://www.cem.itesm.mx/cms/dircom/publicaciones/agendas/index.php
Date-Time 	: 2016-04-27 - 12:58:41.884948#-------------------------------------------------------------------------------------------#
Target 		: http://www.cem.itesm.mx/cms/exatec/index.php/noticias/calendario/gcalendar
Date-Time 	: 2016-04-27 - 12:58:41.914419#-------------------------------------------------------------------------------------------#
Target 		: http://www.cem.itesm.mx/cms/exatec/index.php/component/users/
Date-Time 	: 2016-04-27 - 12:58:41.944703#-------------------------------------------------------------------------------------------#
Target 		: http://www.cem.itesm.mx/cms/exatec/index.php/component/users/
Date-Time 	: 2016-04-27 - 12:58:41.974419#-------------------------------------------------------------------------------------------#
Target 		: http://www.cem.itesm.mx/cms/cultura/index.php/component/k2/item/4-cyrano-de-bergerac-segunda-llamada/4-cyrano-de-bergerac-segunda-llamada
Date-Time 	: 2016-04-27 - 12:58:42.004398#-------------------------------------------------------------------------------------------#
Target 		: http://www.cem.itesm.mx/cms/exatec/index.php/noticias/boletin-exatec/54-red-empresarios/244-be-eternal
Date-Time 	: 2016-04-27 - 12:58:42.034898#-------------------------------------------------------------------------------------------#
Target 		: http://www.cem.itesm.mx/cms/cultura/index.php/component/k2/item/4-cyrano-de-bergerac-segunda-llamada/4-cyrano-de-bergerac-segunda-llamada
Date-Time 	: 2016-04-27 - 12:58:42.065309#-------------------------------------------------------------------------------------------#
Target 		: http://www.cem.itesm.mx/cms/cultura/index.php/component/k2/item/4-cyrano-de-bergerac-segunda-llamada/4-cyrano-de-bergerac-segunda-llamada
Date-Time 	: 2016-04-27 - 12:58:42.095323#-------------------------------------------------------------------------------------------#
Target 		: http://www.cem.itesm.mx/cms/exatec/index.php/noticias/boletin-exatec/55-desarrollo-profesional/562-becas-conacyt-estudia-un-posgrado-en-el-extranjero
Date-Time 	: 2016-04-27 - 12:58:42.126845#-------------------------------------------------------------------------------------------#
Target 		: http://www.cem.itesm.mx/cms/ideal/index.php/2-uncategorised
Date-Time 	: 2016-04-27 - 12:58:42.156227#-------------------------------------------------------------------------------------------#
Target 		: http://www.cem.itesm.mx/cms/exatec/index.php/noticias/boletin-exatec/54-red-empresarios/259-balam-motion-sa-de-cv
Date-Time 	: 2016-04-27 - 12:58:42.186692#-------------------------------------------------------------------------------------------#
Target 		: http://www.cem.itesm.mx/cms/exatec/index.php/noticias/boletin-exatec/53-noticias-exatec
Date-Time 	: 2016-04-27 - 12:58:42.216635#-------------------------------------------------------------------------------------------#
Target 		: http://www.cem.itesm.mx/cms/cultura/index.php/component/k2/item/4-cyrano-de-bergerac-segunda-llamada/4-cyrano-de-bergerac-segunda-llamada
Date-Time 	: 2016-04-27 - 12:58:42.246820#-------------------------------------------------------------------------------------------#
Target 		: http://www.cem.itesm.mx/cms/cultura/index.php/component/k2/item/4-cyrano-de-bergerac-segunda-llamada/4-cyrano-de-bergerac-segunda-llamada
Date-Time 	: 2016-04-27 - 12:58:42.276907#-------------------------------------------------------------------------------------------#
Target 		: http://www.cem.itesm.mx/cms/exatec/index.php/noticias/boletin-exatec/57-beneficios/695-construyamos-un-mexico-mas-incluyente
Date-Time 	: 2016-04-27 - 12:58:42.307189#-------------------------------------------------------------------------------------------#
Target 		: http://www.cem.itesm.mx/cms/exatec/index.php/noticias/boletin-exatec/57-beneficios/434-trabaja-en-sap-y-viaja-a-estados-unidos
Date-Time 	: 2016-04-27 - 12:58:42.337256#-------------------------------------------------------------------------------------------#
Target 		: http://www.cem.itesm.mx/cms/exatec/index.php/noticias/boletin-exatec/53-noticias-exatec
Date-Time 	: 2016-04-27 - 12:58:42.367723#-------------------------------------------------------------------------------------------#
Target 		: http://www.cem.itesm.mx/cms/exatec/index.php/noticias/boletin-exatec/55-desarrollo-profesional/562-becas-conacyt-estudia-un-posgrado-en-el-extranjero
Date-Time 	: 2016-04-27 - 12:58:42.398303#-------------------------------------------------------------------------------------------#
Target 		: http://www.cem.itesm.mx/cms/exatec/index.php/noticias/boletin-exatec/53-noticias-exatec
Date-Time 	: 2016-04-27 - 12:58:42.428546#-------------------------------------------------------------------------------------------#
Target 		: http://www.cem.itesm.mx/cms/exatec/index.php/noticias/boletin-exatec/53-noticias-exatec
Date-Time 	: 2016-04-27 - 12:58:42.458398#-------------------------------------------------------------------------------------------#
Target 		: http://www.cem.itesm.mx/cms/cultura/index.php/representativos/representativos/9-ballet-folklorico
Date-Time 	: 2016-04-27 - 12:58:42.488285#-------------------------------------------------------------------------------------------#
Target 		: http://www.cem.itesm.mx/cms/deportes/administrator/index.php
Date-Time 	: 2016-04-27 - 12:58:49.853679#-------------------------------------------------------------------------------------------#
Target 		: http://www.cem.itesm.mx/cms/edia/index.php/2-uncategorised
Date-Time 	: 2016-04-27 - 12:58:53.794052#-------------------------------------------------------------------------------------------#
Target 		: http://www.cem.itesm.mx/cms/edia/index.php/2-uncategorised
Date-Time 	: 2016-04-27 - 12:58:54.294052#-------------------------------------------------------------------------------------------#
Target 		: http://www.cem.itesm.mx/cms/edia/index.php/2-uncategorised
Date-Time 	: 2016-04-27 - 12:58:54.324181#-------------------------------------------------------------------------------------------#
Target 		: http://www.cem.itesm.mx/cms/edia/index.php/2-uncategorised
Date-Time 	: 2016-04-27 - 12:58:54.353971#-------------------------------------------------------------------------------------------#
Target 		: http://www.cem.itesm.mx/cms/edia/index.php/2-uncategorised
Date-Time 	: 2016-04-27 - 12:58:54.384390#-------------------------------------------------------------------------------------------#
Target 		: http://www.cem.itesm.mx/cms/dircom/publicaciones/agendas/index.php
Date-Time 	: 2016-04-27 - 12:58:54.414936#-------------------------------------------------------------------------------------------#
Target 		: http://www.cem.itesm.mx/cms/dircom/publicaciones/agendas/index.php
Date-Time 	: 2016-04-27 - 12:58:54.444601#-------------------------------------------------------------------------------------------#
Target 		: http://www.cem.itesm.mx/cms/dircom/publicaciones/agendas/index.php
Date-Time 	: 2016-04-27 - 12:58:54.474795#-------------------------------------------------------------------------------------------#
Target 		: http://www.cem.itesm.mx/cms/dircom/publicaciones/agendas/index.php
Date-Time 	: 2016-04-27 - 12:58:54.504626#-------------------------------------------------------------------------------------------#
Target 		: http://www.cem.itesm.mx/cms/dircom/publicaciones/agendas/index.php
Date-Time 	: 2016-04-27 - 12:58:54.534923#-------------------------------------------------------------------------------------------#
Target 		: http://www.cem.itesm.mx/cms/dircom/publicaciones/agendas/index.php
Date-Time 	: 2016-04-27 - 12:58:54.565176#-------------------------------------------------------------------------------------------#
Target 		: http://www.cem.itesm.mx/cms/vinculacion/index.php/85-vinculacion-y-relaciones-institucionales/avisos/143-programa-becarios-de-merck
Date-Time 	: 2016-04-27 - 12:58:54.594416#-------------------------------------------------------------------------------------------#
Target 		: http://www.cem.itesm.mx/cms/dircom/publicaciones/agendas/index.php
Date-Time 	: 2016-04-27 - 12:58:54.624731#-------------------------------------------------------------------------------------------#
Target 		: http://www.cem.itesm.mx/cms/dircom/publicaciones/agendas/index.php
Date-Time 	: 2016-04-27 - 12:58:54.654981#-------------------------------------------------------------------------------------------#
Target 		: http://www.cem.itesm.mx/cms/dircom/publicaciones/agendas/index.php
Date-Time 	: 2016-04-27 - 12:58:54.685043#-------------------------------------------------------------------------------------------#
Target 		: http://www.cem.itesm.mx/cms/dircom/publicaciones/agendas/index.php
Date-Time 	: 2016-04-27 - 12:58:54.715330#-------------------------------------------------------------------------------------------#
Target 		: http://www.cem.itesm.mx/cms/dircom/publicaciones/agendas/index.php
Date-Time 	: 2016-04-27 - 12:58:54.746361#-------------------------------------------------------------------------------------------#
Target 		: http://www.cem.itesm.mx/cms/ecsh/index.php/84-noticias/177-alumnos-de-comunicacion-ganan-concurso-con-cortometraje-que-trasciende-fronteras.html
Date-Time 	: 2016-04-27 - 12:58:54.776407#-------------------------------------------------------------------------------------------#
Target 		: http://www.cem.itesm.mx/cms/ecsh/index.php/84-noticias/175-encuentro-de-estudiantes-con-lideres-internacionales.html
Date-Time 	: 2016-04-27 - 12:58:54.806664#-------------------------------------------------------------------------------------------#
Target 		: http://www.cem.itesm.mx/cms/dircom/publicaciones/agendas/index.php
Date-Time 	: 2016-04-27 - 12:58:54.837408#-------------------------------------------------------------------------------------------#
Target 		: http://www.cem.itesm.mx/cms/dircom/publicaciones/agendas/index.php
Date-Time 	: 2016-04-27 - 12:58:54.867593#-------------------------------------------------------------------------------------------#
Target 		: http://www.cem.itesm.mx/cms/dircom/publicaciones/agendas/index.php
Date-Time 	: 2016-04-27 - 12:58:54.897759#-------------------------------------------------------------------------------------------#
Target 		: http://www.cem.itesm.mx/cms/dircom/publicaciones/agendas/index.php
Date-Time 	: 2016-04-27 - 12:58:54.928318#-------------------------------------------------------------------------------------------#
Target 		: http://www.cem.itesm.mx/cms/dircom/publicaciones/agendas/index.php
Date-Time 	: 2016-04-27 - 12:58:54.958841#-------------------------------------------------------------------------------------------#
Target 		: http://www.cem.itesm.mx/cms/dircom/publicaciones/agendas/index.php
Date-Time 	: 2016-04-27 - 12:58:54.988426#-------------------------------------------------------------------------------------------#
Target 		: http://www.cem.itesm.mx/cms/dircom/publicaciones/agendas/index.php
Date-Time 	: 2016-04-27 - 12:58:55.018649#-------------------------------------------------------------------------------------------#
Target 		: http://www.cem.itesm.mx/cms/dircom/publicaciones/agendas/index.php
Date-Time 	: 2016-04-27 - 12:58:55.048909#-------------------------------------------------------------------------------------------#
Target 		: http://www.cem.itesm.mx/cms/dircom/publicaciones/agendas/index.php
Date-Time 	: 2016-04-27 - 12:58:55.078409#-------------------------------------------------------------------------------------------#
Target 		: http://www.cem.itesm.mx/cms/dircom/publicaciones/agendas/index.php
Date-Time 	: 2016-04-27 - 12:58:55.109284#-------------------------------------------------------------------------------------------#
Target 		: http://www.cem.itesm.mx/cms/exatec/index.php/noticias/calendario/gcalendar
Date-Time 	: 2016-04-27 - 12:58:55.139725#-------------------------------------------------------------------------------------------#
Target 		: http://www.cem.itesm.mx/cms/exatec/index.php/component/users/
Date-Time 	: 2016-04-27 - 12:58:55.169660#-------------------------------------------------------------------------------------------#
Target 		: http://www.cem.itesm.mx/cms/exatec/index.php/component/users/
Date-Time 	: 2016-04-27 - 12:58:55.200188#-------------------------------------------------------------------------------------------#
Target 		: http://www.cem.itesm.mx/cms/cultura/index.php/component/k2/item/4-cyrano-de-bergerac-segunda-llamada/4-cyrano-de-bergerac-segunda-llamada
Date-Time 	: 2016-04-27 - 12:58:55.230937#-------------------------------------------------------------------------------------------#
Target 		: http://www.cem.itesm.mx/cms/exatec/index.php/noticias/boletin-exatec/54-red-empresarios/244-be-eternal
Date-Time 	: 2016-04-27 - 12:58:55.260518#-------------------------------------------------------------------------------------------#
Target 		: http://www.cem.itesm.mx/cms/cultura/index.php/component/k2/item/4-cyrano-de-bergerac-segunda-llamada/4-cyrano-de-bergerac-segunda-llamada
Date-Time 	: 2016-04-27 - 12:58:55.290713#-------------------------------------------------------------------------------------------#
Target 		: http://www.cem.itesm.mx/cms/cultura/index.php/component/k2/item/4-cyrano-de-bergerac-segunda-llamada/4-cyrano-de-bergerac-segunda-llamada
Date-Time 	: 2016-04-27 - 12:58:55.320597#-------------------------------------------------------------------------------------------#
Target 		: http://www.cem.itesm.mx/cms/exatec/index.php/noticias/boletin-exatec/55-desarrollo-profesional/562-becas-conacyt-estudia-un-posgrado-en-el-extranjero
Date-Time 	: 2016-04-27 - 12:58:55.350862#-------------------------------------------------------------------------------------------#
Target 		: http://www.cem.itesm.mx/cms/ideal/index.php/2-uncategorised
Date-Time 	: 2016-04-27 - 12:58:55.381122#-------------------------------------------------------------------------------------------#
Target 		: http://www.cem.itesm.mx/cms/exatec/index.php/noticias/boletin-exatec/54-red-empresarios/259-balam-motion-sa-de-cv
Date-Time 	: 2016-04-27 - 12:58:55.410391#-------------------------------------------------------------------------------------------#
Target 		: http://www.cem.itesm.mx/cms/exatec/index.php/noticias/boletin-exatec/53-noticias-exatec
Date-Time 	: 2016-04-27 - 12:58:55.440647#-------------------------------------------------------------------------------------------#
Target 		: http://www.cem.itesm.mx/cms/cultura/index.php/component/k2/item/4-cyrano-de-bergerac-segunda-llamada/4-cyrano-de-bergerac-segunda-llamada
Date-Time 	: 2016-04-27 - 12:58:55.470994#-------------------------------------------------------------------------------------------#
Target 		: http://www.cem.itesm.mx/cms/cultura/index.php/component/k2/item/4-cyrano-de-bergerac-segunda-llamada/4-cyrano-de-bergerac-segunda-llamada
Date-Time 	: 2016-04-27 - 12:58:55.501008#-------------------------------------------------------------------------------------------#
Target 		: http://www.cem.itesm.mx/cms/exatec/index.php/noticias/boletin-exatec/57-beneficios/695-construyamos-un-mexico-mas-incluyente
Date-Time 	: 2016-04-27 - 12:58:55.530447#-------------------------------------------------------------------------------------------#
Target 		: http://www.cem.itesm.mx/cms/exatec/index.php/noticias/boletin-exatec/57-beneficios/434-trabaja-en-sap-y-viaja-a-estados-unidos
Date-Time 	: 2016-04-27 - 12:58:55.561268#-------------------------------------------------------------------------------------------#
Target 		: http://www.cem.itesm.mx/cms/exatec/index.php/noticias/boletin-exatec/53-noticias-exatec
Date-Time 	: 2016-04-27 - 12:58:55.591545#-------------------------------------------------------------------------------------------#
Target 		: http://www.cem.itesm.mx/cms/exatec/index.php/noticias/boletin-exatec/55-desarrollo-profesional/562-becas-conacyt-estudia-un-posgrado-en-el-extranjero
Date-Time 	: 2016-04-27 - 12:58:55.621739#-------------------------------------------------------------------------------------------#
Target 		: http://www.cem.itesm.mx/cms/exatec/index.php/noticias/boletin-exatec/53-noticias-exatec
Date-Time 	: 2016-04-27 - 12:58:55.651324#-------------------------------------------------------------------------------------------#
Target 		: http://www.cem.itesm.mx/cms/exatec/index.php/noticias/boletin-exatec/53-noticias-exatec
Date-Time 	: 2016-04-27 - 12:58:55.681342#-------------------------------------------------------------------------------------------#
Target 		: http://www.cem.itesm.mx/cms/cultura/index.php/representativos/representativos/9-ballet-folklorico
Date-Time 	: 2016-04-27 - 12:58:55.711815#-------------------------------------------------------------------------------------------#
Target 		: http://www.cem.itesm.mx/cms/deportes/administrator/index.php
Date-Time 	: 2016-04-27 - 12:59:05.745948#-------------------------------------------------------------------------------------------#
Target 		: http://www.cem.itesm.mx/cms/edia/index.php/2-uncategorised
Date-Time 	: 2016-04-27 - 12:59:40.895758#-------------------------------------------------------------------------------------------#
Target 		: http://www.cem.itesm.mx/cms/edia/index.php/2-uncategorised
Date-Time 	: 2016-04-27 - 12:59:41.953211#-------------------------------------------------------------------------------------------#
Target 		: http://www.cem.itesm.mx/cms/edia/index.php/2-uncategorised
Date-Time 	: 2016-04-27 - 12:59:42.452580#-------------------------------------------------------------------------------------------#
Target 		: http://www.cem.itesm.mx/cms/edia/index.php/2-uncategorised
Date-Time 	: 2016-04-27 - 12:59:42.482956#-------------------------------------------------------------------------------------------#
Target 		: http://www.cem.itesm.mx/cms/edia/index.php/2-uncategorised
Date-Time 	: 2016-04-27 - 12:59:42.513154#-------------------------------------------------------------------------------------------#
Target 		: http://www.cem.itesm.mx/cms/dircom/publicaciones/agendas/index.php
Date-Time 	: 2016-04-27 - 12:59:42.542623#-------------------------------------------------------------------------------------------#
Target 		: http://www.cem.itesm.mx/cms/dircom/publicaciones/agendas/index.php
Date-Time 	: 2016-04-27 - 12:59:42.573276#-------------------------------------------------------------------------------------------#
Target 		: http://www.cem.itesm.mx/cms/dircom/publicaciones/agendas/index.php
Date-Time 	: 2016-04-27 - 12:59:42.602608#-------------------------------------------------------------------------------------------#
Target 		: http://www.cem.itesm.mx/cms/dircom/publicaciones/agendas/index.php
Date-Time 	: 2016-04-27 - 12:59:42.633326#-------------------------------------------------------------------------------------------#
Target 		: http://www.cem.itesm.mx/cms/dircom/publicaciones/agendas/index.php
Date-Time 	: 2016-04-27 - 12:59:42.663729#-------------------------------------------------------------------------------------------#
Target 		: http://www.cem.itesm.mx/cms/dircom/publicaciones/agendas/index.php
Date-Time 	: 2016-04-27 - 12:59:42.693944#-------------------------------------------------------------------------------------------#
Target 		: http://www.cem.itesm.mx/cms/vinculacion/index.php/85-vinculacion-y-relaciones-institucionales/avisos/143-programa-becarios-de-merck
Date-Time 	: 2016-04-27 - 12:59:42.723876#-------------------------------------------------------------------------------------------#
Target 		: http://www.cem.itesm.mx/cms/dircom/publicaciones/agendas/index.php
Date-Time 	: 2016-04-27 - 12:59:42.753478#-------------------------------------------------------------------------------------------#
Target 		: http://www.cem.itesm.mx/cms/dircom/publicaciones/agendas/index.php
Date-Time 	: 2016-04-27 - 12:59:42.783587#-------------------------------------------------------------------------------------------#
Target 		: http://www.cem.itesm.mx/cms/dircom/publicaciones/agendas/index.php
Date-Time 	: 2016-04-27 - 12:59:42.813918#-------------------------------------------------------------------------------------------#
Target 		: http://www.cem.itesm.mx/cms/dircom/publicaciones/agendas/index.php
Date-Time 	: 2016-04-27 - 12:59:42.843451#-------------------------------------------------------------------------------------------#
Target 		: http://www.cem.itesm.mx/cms/dircom/publicaciones/agendas/index.php
Date-Time 	: 2016-04-27 - 12:59:42.873586#-------------------------------------------------------------------------------------------#
Target 		: http://www.cem.itesm.mx/cms/ecsh/index.php/84-noticias/177-alumnos-de-comunicacion-ganan-concurso-con-cortometraje-que-trasciende-fronteras.html
Date-Time 	: 2016-04-27 - 12:59:42.904343#-------------------------------------------------------------------------------------------#
Target 		: http://www.cem.itesm.mx/cms/ecsh/index.php/84-noticias/175-encuentro-de-estudiantes-con-lideres-internacionales.html
Date-Time 	: 2016-04-27 - 12:59:42.934442#-------------------------------------------------------------------------------------------#
Target 		: http://www.cem.itesm.mx/cms/dircom/publicaciones/agendas/index.php
Date-Time 	: 2016-04-27 - 12:59:42.964560#-------------------------------------------------------------------------------------------#
Target 		: http://www.cem.itesm.mx/cms/dircom/publicaciones/agendas/index.php
Date-Time 	: 2016-04-27 - 12:59:42.995234#-------------------------------------------------------------------------------------------#
Target 		: http://www.cem.itesm.mx/cms/dircom/publicaciones/agendas/index.php
Date-Time 	: 2016-04-27 - 12:59:43.025584#-------------------------------------------------------------------------------------------#
Target 		: http://www.cem.itesm.mx/cms/dircom/publicaciones/agendas/index.php
Date-Time 	: 2016-04-27 - 12:59:43.055620#-------------------------------------------------------------------------------------------#
Target 		: http://www.cem.itesm.mx/cms/dircom/publicaciones/agendas/index.php
Date-Time 	: 2016-04-27 - 12:59:43.085327#-------------------------------------------------------------------------------------------#
Target 		: http://www.cem.itesm.mx/cms/dircom/publicaciones/agendas/index.php
Date-Time 	: 2016-04-27 - 12:59:43.115912#-------------------------------------------------------------------------------------------#
Target 		: http://www.cem.itesm.mx/cms/dircom/publicaciones/agendas/index.php
Date-Time 	: 2016-04-27 - 12:59:43.145399#-------------------------------------------------------------------------------------------#
Target 		: http://www.cem.itesm.mx/cms/dircom/publicaciones/agendas/index.php
Date-Time 	: 2016-04-27 - 12:59:43.175417#-------------------------------------------------------------------------------------------#
Target 		: http://www.cem.itesm.mx/cms/dircom/publicaciones/agendas/index.php
Date-Time 	: 2016-04-27 - 12:59:43.205445#-------------------------------------------------------------------------------------------#
Target 		: http://www.cem.itesm.mx/cms/dircom/publicaciones/agendas/index.php
Date-Time 	: 2016-04-27 - 12:59:43.235371#-------------------------------------------------------------------------------------------#
Target 		: http://www.cem.itesm.mx/cms/exatec/index.php/noticias/calendario/gcalendar
Date-Time 	: 2016-04-27 - 12:59:43.266173#-------------------------------------------------------------------------------------------#
Target 		: http://www.cem.itesm.mx/cms/exatec/index.php/component/users/
Date-Time 	: 2016-04-27 - 12:59:43.295674#-------------------------------------------------------------------------------------------#
Target 		: http://www.cem.itesm.mx/cms/exatec/index.php/component/users/
Date-Time 	: 2016-04-27 - 12:59:43.325989#-------------------------------------------------------------------------------------------#
Target 		: http://www.cem.itesm.mx/cms/cultura/index.php/component/k2/item/4-cyrano-de-bergerac-segunda-llamada/4-cyrano-de-bergerac-segunda-llamada
Date-Time 	: 2016-04-27 - 12:59:43.355643#-------------------------------------------------------------------------------------------#
Target 		: http://www.cem.itesm.mx/cms/exatec/index.php/noticias/boletin-exatec/54-red-empresarios/244-be-eternal
Date-Time 	: 2016-04-27 - 12:59:43.386292#-------------------------------------------------------------------------------------------#
Target 		: http://www.cem.itesm.mx/cms/cultura/index.php/component/k2/item/4-cyrano-de-bergerac-segunda-llamada/4-cyrano-de-bergerac-segunda-llamada
Date-Time 	: 2016-04-27 - 12:59:43.416418#-------------------------------------------------------------------------------------------#
Target 		: http://www.cem.itesm.mx/cms/cultura/index.php/component/k2/item/4-cyrano-de-bergerac-segunda-llamada/4-cyrano-de-bergerac-segunda-llamada
Date-Time 	: 2016-04-27 - 12:59:43.446676#-------------------------------------------------------------------------------------------#
Target 		: http://www.cem.itesm.mx/cms/exatec/index.php/noticias/boletin-exatec/55-desarrollo-profesional/562-becas-conacyt-estudia-un-posgrado-en-el-extranjero
Date-Time 	: 2016-04-27 - 12:59:43.476576#-------------------------------------------------------------------------------------------#
Target 		: http://www.cem.itesm.mx/cms/ideal/index.php/2-uncategorised
Date-Time 	: 2016-04-27 - 12:59:43.507009#-------------------------------------------------------------------------------------------#
Target 		: http://www.cem.itesm.mx/cms/exatec/index.php/noticias/boletin-exatec/54-red-empresarios/259-balam-motion-sa-de-cv
Date-Time 	: 2016-04-27 - 12:59:43.537042#-------------------------------------------------------------------------------------------#
Target 		: http://www.cem.itesm.mx/cms/exatec/index.php/noticias/boletin-exatec/53-noticias-exatec
Date-Time 	: 2016-04-27 - 12:59:43.566411#-------------------------------------------------------------------------------------------#
Target 		: http://www.cem.itesm.mx/cms/cultura/index.php/component/k2/item/4-cyrano-de-bergerac-segunda-llamada/4-cyrano-de-bergerac-segunda-llamada
Date-Time 	: 2016-04-27 - 12:59:43.596655#-------------------------------------------------------------------------------------------#
Target 		: http://www.cem.itesm.mx/cms/cultura/index.php/component/k2/item/4-cyrano-de-bergerac-segunda-llamada/4-cyrano-de-bergerac-segunda-llamada
Date-Time 	: 2016-04-27 - 12:59:43.627156#-------------------------------------------------------------------------------------------#
Target 		: http://www.cem.itesm.mx/cms/exatec/index.php/noticias/boletin-exatec/57-beneficios/695-construyamos-un-mexico-mas-incluyente
Date-Time 	: 2016-04-27 - 12:59:43.657353#-------------------------------------------------------------------------------------------#
Target 		: http://www.cem.itesm.mx/cms/exatec/index.php/noticias/boletin-exatec/57-beneficios/434-trabaja-en-sap-y-viaja-a-estados-unidos
Date-Time 	: 2016-04-27 - 12:59:43.688296#-------------------------------------------------------------------------------------------#
Target 		: http://www.cem.itesm.mx/cms/exatec/index.php/noticias/boletin-exatec/53-noticias-exatec
Date-Time 	: 2016-04-27 - 12:59:43.719337#-------------------------------------------------------------------------------------------#
Target 		: http://www.cem.itesm.mx/cms/exatec/index.php/noticias/boletin-exatec/55-desarrollo-profesional/562-becas-conacyt-estudia-un-posgrado-en-el-extranjero
Date-Time 	: 2016-04-27 - 12:59:43.750421#-------------------------------------------------------------------------------------------#
Target 		: http://www.cem.itesm.mx/cms/exatec/index.php/noticias/boletin-exatec/53-noticias-exatec
Date-Time 	: 2016-04-27 - 12:59:43.780611#-------------------------------------------------------------------------------------------#
Target 		: http://www.cem.itesm.mx/cms/exatec/index.php/noticias/boletin-exatec/53-noticias-exatec
Date-Time 	: 2016-04-27 - 12:59:43.810754#-------------------------------------------------------------------------------------------#
Target 		: http://www.cem.itesm.mx/cms/cultura/index.php/representativos/representativos/9-ballet-folklorico
Date-Time 	: 2016-04-27 - 12:59:43.841016